-------------------------------------------------------------------------------
Test set: de.company.projectname.rest.EmployeeControllerTest
-------------------------------------------------------------------------------
Tests run: 1, Failures: 1, Errors: 0, Skipped: 0, Time elapsed: 0.421 s <<< FAILURE! - in de.company.projectname.rest.EmployeeControllerTest
shouldReturnMockedEmployee  Time elapsed: 0.109 s  <<< FAILURE!
java.lang.AssertionError: No value at JSON path "$.uuid"
	at de.company.projectname.rest.EmployeeControllerTest.shouldReturnMockedEmployee(EmployeeControllerTest.java:28)
Caused by: java.lang.IllegalArgumentException: json can not be null or empty
	at de.company.projectname.rest.EmployeeControllerTest.shouldReturnMockedEmployee(EmployeeControllerTest.java:28)

